main.obj : error LNK2019: unresolved external symbol __imp_glewInit referenced in function main
main.obj : error LNK2019: unresolved external symbol __imp_glutInit referenced in function main
main.obj : error LNK2019: unresolved external symbol __imp_glutInitWindowSize referenced in function main
main.obj : error LNK2019: unresolved external symbol __imp_glutInitDisplayMode referenced in function main
main.obj : error LNK2019: unresolved external symbol __imp_glutMainLoop referenced in function main
main.obj : error LNK2019: unresolved external symbol __imp_glutCreateWindow referenced in function main
main.obj : error LNK2019: unresolved external symbol __imp_glutPostRedisplay referenced in function "void __cdecl idle(void)" (?idle@@YAXXZ)
main.obj : error LNK2019: unresolved external symbol __imp_glutSwapBuffers referenced in function "void __cdecl display(void)" (?display@@YAXXZ)
main.obj : error LNK2019: unresolved external symbol __imp_glutIdleFunc referenced in function main
main.obj : error LNK2019: unresolved external symbol __imp_glutReshapeFunc referenced in function main
main.obj : error LNK2019: unresolved external symbol __imp_glutDisplayFunc referenced in function main
main.obj : error LNK2019: unresolved external symbol __imp___glewActiveTexture referenced in function "void __cdecl DrawTrike(unsigned int)" (?DrawTrike@@YAXI@Z)
main.obj : error LNK2019: unresolved external symbol __imp___glewBindBuffer referenced in function "void __cdecl bindbufferInit(class Object *,int)" (?bindbufferInit@@YAXPEAVObject@@H@Z)
main.obj : error LNK2019: unresolved external symbol __imp___glewBufferData referenced in function "void __cdecl bindbufferInit(class Object *,int)" (?bindbufferInit@@YAXPEAVObject@@H@Z)
main.obj : error LNK2019: unresolved external symbol __imp___glewGenBuffers referenced in function "void __cdecl bindbufferInit(class Object *,int)" (?bindbufferInit@@YAXPEAVObject@@H@Z)
main.obj : error LNK2019: unresolved external symbol __imp___glewAttachShader referenced in function "unsigned int __cdecl createProgram(unsigned int,unsigned int,unsigned int)" (?createProgram@@YAIIII@Z)
main.obj : error LNK2019: unresolved external symbol __imp___glewCompileShader referenced in function "unsigned int __cdecl createShader(char const *,char const *)" (?createShader@@YAIPEBD0@Z)
main.obj : error LNK2019: unresolved external symbol __imp___glewCreateProgram referenced in function "unsigned int __cdecl createProgram(unsigned int,unsigned int,unsigned int)" (?createProgram@@YAIIII@Z)
main.obj : error LNK2019: unresolved external symbol __imp___glewCreateShader referenced in function "unsigned int __cdecl createShader(char const *,char const *)" (?createShader@@YAIPEBD0@Z)
main.obj : error LNK2019: unresolved external symbol __imp___glewDeleteProgram referenced in function "unsigned int __cdecl createProgram(unsigned int,unsigned int,unsigned int)" (?createProgram@@YAIIII@Z)
main.obj : error LNK2019: unresolved external symbol __imp___glewDeleteShader referenced in function "unsigned int __cdecl createProgram(unsigned int,unsigned int,unsigned int)" (?createProgram@@YAIIII@Z)
main.obj : error LNK2019: unresolved external symbol __imp___glewDetachShader referenced in function "unsigned int __cdecl createProgram(unsigned int,unsigned int,unsigned int)" (?createProgram@@YAIIII@Z)
main.obj : error LNK2019: unresolved external symbol __imp___glewEnableVertexAttribArray referenced in function "void __cdecl bindbufferInit(class Object *,int)" (?bindbufferInit@@YAXPEAVObject@@H@Z)
main.obj : error LNK2019: unresolved external symbol __imp___glewGetProgramInfoLog referenced in function "unsigned int __cdecl createProgram(unsigned int,unsigned int,unsigned int)" (?createProgram@@YAIIII@Z)
main.obj : error LNK2019: unresolved external symbol __imp___glewGetProgramiv referenced in function "unsigned int __cdecl createProgram(unsigned int,unsigned int,unsigned int)" (?createProgram@@YAIIII@Z)
main.obj : error LNK2019: unresolved external symbol __imp___glewGetShaderInfoLog referenced in function "unsigned int __cdecl createShader(char const *,char const *)" (?createShader@@YAIPEBD0@Z)
main.obj : error LNK2019: unresolved external symbol __imp___glewGetShaderiv referenced in function "unsigned int __cdecl createShader(char const *,char const *)" (?createShader@@YAIPEBD0@Z)
main.obj : error LNK2019: unresolved external symbol __imp___glewGetUniformLocation referenced in function "void __cdecl DrawTrike(unsigned int)" (?DrawTrike@@YAXI@Z)
main.obj : error LNK2019: unresolved external symbol __imp___glewLinkProgram referenced in function "unsigned int __cdecl createProgram(unsigned int,unsigned int,unsigned int)" (?createProgram@@YAIIII@Z)
main.obj : error LNK2019: unresolved external symbol __imp___glewShaderSource referenced in function "unsigned int __cdecl createShader(char const *,char const *)" (?createShader@@YAIPEBD0@Z)
main.obj : error LNK2019: unresolved external symbol __imp___glewUniform1f referenced in function "void __cdecl DrawTrike(unsigned int)" (?DrawTrike@@YAXI@Z)
main.obj : error LNK2019: unresolved external symbol __imp___glewUniform1i referenced in function "void __cdecl DrawTrike(unsigned int)" (?DrawTrike@@YAXI@Z)
main.obj : error LNK2019: unresolved external symbol __imp___glewUniformMatrix4fv referenced in function "void __cdecl DrawTrike(unsigned int)" (?DrawTrike@@YAXI@Z)
main.obj : error LNK2019: unresolved external symbol __imp___glewUseProgram referenced in function "void __cdecl DrawTrike(unsigned int)" (?DrawTrike@@YAXI@Z)
main.obj : error LNK2019: unresolved external symbol __imp___glewVertexAttribPointer referenced in function "void __cdecl bindbufferInit(class Object *,int)" (?bindbufferInit@@YAXPEAVObject@@H@Z)
main.obj : error LNK2019: unresolved external symbol __imp___glewBindVertexArray referenced in function "void __cdecl DrawTrike(unsigned int)" (?DrawTrike@@YAXI@Z)
main.obj : error LNK2019: unresolved external symbol __imp___glewGenVertexArrays referenced in function "void __cdecl bindbufferInit(class Object *,int)" (?bindbufferInit@@YAXPEAVObject@@H@Z)
D:\nctu\大四上\計算機圖學概論\ComputerGraphics\hw4\hw4\lib\freeglut.lib : warning LNK4272: library machine type 'x86' conflicts with target machine type 'x64'
D:\nctu\大四上\計算機圖學概論\ComputerGraphics\hw4\x64\Debug\hw4.exe : fatal error LNK1120: 37 unresolved externals
